2025-03-23 16:57:10,825 [INFO] Database initialized at data/node5/node_node5.db
2025-03-23 16:57:10,860 [INFO] Loaded state from database: 0 users, 0 messages
2025-03-23 16:57:10,875 [INFO] Initialized Raft node node5 at 127.0.0.1:50055
2025-03-23 16:57:10,886 [INFO] Server started as node node5 listening on [::]:50055
2025-03-23 16:57:10,887 [INFO] Cluster configuration: {'node1': '127.0.0.1:50051', 'node2': '127.0.0.1:50052', 'node3': '127.0.0.1:50053', 'node4': '127.0.0.1:50054', 'node5': '127.0.0.1:50055'}
2025-03-23 16:57:11,376 [INFO] Node node5 became candidate for term 1698
2025-03-23 16:57:11,531 [WARNING] Failed to request vote from node1: <_Inacti2025-03-23 16:57:12,094 [INFO] Node node5 became candidate for term 1698
2025-03-23 16:57:12,222 [INFO] Node node5 reverted to follower (higher term)
2025-03-23 16:57:12,390 [INFO] Node node5 became candidate for term 1702
2025-03-23 16:57:12,722 [INFO] Node node5 reverted to follower (higher term)
2025-03-23 16:58:15,806 [INFO] Node node5 became candidate for term 1723
2025-03-23 16:58:16,208 [INFO] Node node5 reverted to follower (higher term)
2025-03-23 16:58:18,863 [INFO] Node node5 became candidate for term 1728
2025-03-23 16:58:18,952 [INFO] Node node5 reverted to follower (higher term)
2025-03-23 16:58:48,720 [INFO] Node node5 became candidate for term 1733
2025-03-23 16:58:49,013 [INFO] Node node5 reverted to follower (higher term)
2025-03-23 16:59:21,662 [INFO] Node node5 became candidate for term 1757
2025-03-23 16:59:36,991 [WARNING] Failed to request vote from node2: <_InactiveRpcError of RPC that terminated with:
	status = StatusCode.DEADLINE_EXCEEDED
	details = "Deadline Exceeded"
	debug_error_string = "UNKNOWN:Error received from peer  {created_time:"2025-03-23T16:59:36.989917159-04:00", grpc_status:4, grpc_message:"Deadline Exceeded"}"
>
2025-03-23 16:59:54,623 [INFO] Node node5 reverted to follower (higher term)
2025-03-23 16:59:54,737 [INFO] Node node5 became candidate for term 1759
2025-03-23 16:59:55,015 [WARNING] Failed to request vote from node3: <_InactiveRpcError of RPC that terminated with:
	status = StatusCode.DEADLINE_EXCEEDED
	details = "Deadline Exceeded"
	debug_error_string = "UNKNOWN:Error received from peer  {created_time:"2025-03-23T16:59:55.014942075-04:00", grpc_status:4, grpc_message:"Deadline Exceeded"}"
>
2025-03-23 16:59:55,119 [WARNING] Failed to request vote from node4: <_InactiveRpcError of RPC that terminated with:
	status = StatusCode.DEADLINE_EXCEEDED
	details = "Deadline Exceeded"
	debug_error_string = "UNKNOWN:Error received from peer  {grpc_message:"Deadline Exceeded", grpc_status:4, created_time:"2025-03-23T16:59:55.118698801-04:00"}"
>
2025-03-23 16:59:55,120 [INFO] Node node5 became leader for term 1759
2025-03-23 16:59:55,180 [INFO] Node node5 reverted to follower (higher term)
2025-03-23 16:59:55,290 [INFO] Node node5 became candidate for term 1761
2025-03-23 16:59:55,444 [WARNING] Failed to request vote from node1: <_InactiveRpcError of RPC that terminated with:
	status = StatusCode.DEADLINE_EXCEEDED
	details = "Deadline Exceeded"
	debug_error_string = "UNKNOWN:Error received from peer  {created_time:"2025-03-23T16:59:55.444427361-04:00", grpc_status:4, grpc_message:"Deadline Exceeded"}"
>
2025-03-23 16:59:55,650 [WARNING] Failed to request vote from node3: <_InactiveRpcError of RPC that terminated with:
	status = StatusCode.DEADLINE_EXCEEDED
	details = "Deadline Exceeded"
	debug_error_string = "UNKNOWN:Error received from peer  {created_time:"2025-03-23T16:59:55.65042044-04:00", grpc_status:4, grpc_message:"Deadline Exceeded"}"
>
2025-03-23 16:59:55,754 [WARNING] Failed to request vote from node4: <_InactiveRpcError of RPC that terminated with:
	status = StatusCode.DEADLINE_EXCEEDED
	details = "Deadline Exceeded"
	debug_error_string = "UNKNOWN:Error received from peer  {grpc_message:"Deadline Exceeded", grpc_status:4, created_time:"2025-03-23T16:59:55.754115672-04:00"}"
>
2025-03-23 16:59:55,859 [INFO] Node node5 reverted to follower (higher term)
2025-03-23 17:00:27,530 [INFO] Node node5 became candidate for term 1763
2025-03-23 17:00:27,651 [INFO] Node node5 reverted to follower (higher term)
2025-03-23 17:00:28,266 [INFO] Node node5 became candidate for term 1765
2025-03-23 17:00:28,450 [INFO] Node node5 reverted to follower (higher term)
2025-03-23 17:01:00,545 [INFO] Node node5 became candidate for term 1768
2025-03-23 17:01:00,672 [INFO] Node node5 reverted to follower (higher term)
d from peer  {grpc_message:"Deadline Exceeded", grpc_status:4, created_time:"2025-03-23T16:57:14.402149893-04:00"}"
>
2025-03-23 16:57:14,507 [WARNING] Failed to request vote from node3: <_InactiveRpcError of RPC that terminated with:
	status = StatusCode.DEADLINE_EXCEEDED
	details = "Deadline Exceeded"
	debug_error_string = "UNKNOWN:Error received from peer  {grpc_message:"Deadline Exceeded", grpc_status:4, created_time:"2025-03-23T16:57:14.507438433-04:00"}"
>
2025-03-23 16:57:14,739 [INFO] Node node5 became leader for term 1706
2025-03-23 16:57:14,967 [INFO] Node node5 reverted to follower (higher term)
2025-03-23 16:57:15,512 [INFO] Node node5 became candidate for term 1709
2025-03-23 16:57:15,745 [INFO] Node node5 reverted to follower (higher term)
2025-03-23 16:57:15,880 [INFO] Node node5 became candidate for term 1711
2025-03-23 16:57:16,132 [WARNING] Failed to request vote from node2: <_InactiveRpcError of RPC that terminated with:
	status = StatusCode.DEADLINE_EXCEEDED
	details = "Deadline Exceeded"
	debug_error_string = "UNKNOWN:Error received from peer  {created_time:"2025-03-23T16:57:16.132166352-04:00", grpc_status:4, grpc_message:"Deadline Exceeded"}"
>
2025-03-23 16:57:16,235 [WARNING] Failed to request vote from node3: <_InactiveRpcError of RPC that terminated with:
	status = StatusCode.DEADLINE_EXCEEDED
	details = "Deadline Exceeded"
	debug_error_string = "UNKNOWN:Error received from peer  {grpc_message:"Deadline Exceeded", grpc_status:4, created_time:"2025-03-23T16:57:16.235213486-04:00"}"
>
2025-03-23 16:57:16,476 [INFO] Node node5 became leader for term 1711
2025-03-23 16:57:42,934 [INFO] Node node5 reverted to follower (higher term)
2025-03-23 16:57:43,352 [INFO] Node node5 became candidate for term 1713
2025-03-23 16:57:43,568 [INFO] Node node5 reverted to follower (higher term)
2025-03-23 16:57:43,857 [INFO] Node node5 became candidate for term 1715
2025-03-23 16:57:44,010 [WARNING] Failed to request vote from node1: <_InactiveRpcError of RPC that terminated with:
	status = StatusCode.DEADLINE_EXCEEDED
	details = "Deadline Exceeded"
	debug_error_string = "UNKNOWN:Error received from peer  {grpc_message:"Deadline Exceeded", grpc_status:4, created_time:"2025-03-23T16:57:44.010014135-04:00"}"
>
2025-03-23 16:57:44,136 [INFO] Node node5 became leader for term 1715
2025-03-23 16:57:44,364 [INFO] Node node5 reverted to follower (higher term)
2025-03-23 16:57:44,672 [INFO] Node node5 became candidate for term 1717
2025-03-23 16:57:44,827 [WARNING] Failed to request vote from node1: <_InactiveRpcError of RPC that terminated with:
	status = StatusCode.DEADLINE_EXCEEDED
	details = "Deadline Exceeded"
	debug_error_string = "UNKNOWN:Error received from peer  {created_time:"2025-03-23T16:57:44.826756773-04:00", grpc_status:4, grpc_message:"Deadline Exceeded"}"
>
2025-03-23 16:57:44,929 [WARNING] Failed to request vote from node2: <_InactiveRpcError of RPC that terminated with:
	status = StatusCode.DEADLINE_EXCEEDED
	details = "Deadline Exceeded"
	debug_error_string = "UNKNOWN:Error received from peer  {grpc_message:"Deadline Exceeded", grpc_status:4, created_time:"2025-03-23T16:57:44.929571818-04:00"}"
>
2025-03-23 16:57:45,201 [INFO] Node node5 became leader for term 1717
2025-03-23 16:57:45,865 [INFO] Node node5 reverted to follower (higher term)
2025-03-23 16:57:46,159 [INFO] Node node5 became candidate for term 1720
2025-03-23 16:57:46,424 [INFO] Node node5 reverted to follower (higher term)
2025-03-23 16:57:46,783 [INFO] Node node5 became candidate for term 1722
2025-03-23 16:57:47,027 [WARNING] Failed to request vote from node2: <_InactiveRpcError of RPC that terminated with:
	status = StatusCode.DEADLINE_EXCEEDED
	details = "Deadline Exceeded"
	debug_error_string = "UNKNOWN:Error received from peer  {grpc_message:"Deadline Exceeded", grpc_status:4, created_time:"2025-03-23T16:57:47.027175226-04:00"}"
>
2025-03-23 16:57:47,131 [WARNING] Failed to request vote from node3: <_InactiveRpcError of RPC that terminated with:
	status = StatusCode.DEADLINE_EXCEEDED
	details = "Deadline Exceeded"
	debug_error_string = "UNKNOWN:Error received from peer  {created_time:"2025-03-23T16:57:47.130649-04:00", grpc_status:4, grpc_message:"Deadline Exceeded"}"
>
2025-03-23 16:57:47,336 [INFO] Node node5 became leader for term 1722
2025-03-23 16:58:15,852 [INFO] Node node5 reverted to follower (higher term)
2025-03-23 16:58:15,955 [INFO] Node node5 became candidate for term 1724
2025-03-23 16:58:16,203 [WARNING] Failed to request vote from node3: <_InactiveRpcError of RPC that terminated with:
	status = StatusCode.DEADLINE_EXCEEDED
	details = "Deadline Exceeded"
	debug_error_string = "UNKNOWN:Error received from peer  {created_time:"2025-03-23T16:58:16.203050875-04:00", grpc_status:4, grpc_message:"Deadline Exceeded"}"
>
2025-03-23 16:58:16,312 [INFO] Node node5 reverted to follower (higher term)
2025-03-23 16:58:16,399 [INFO] Node node5 became candidate for term 1726
2025-03-23 16:58:16,671 [INFO] Node node5 became leader for term 1726
2025-03-23 16:58:17,479 [INFO] Node node5 reverted to follower (higher term)
2025-03-23 16:58:18,083 [INFO] Node node5 became candidate for term 1728
2025-03-23 16:58:18,237 [WARNING] Failed to request vote from node1: <_InactiveRpcError of RPC that terminated with:
	status = StatusCode.DEADLINE_EXCEEDED
	details = "Deadline Exceeded"
	debug_error_string = "UNKNOWN:Error received from peer  {created_time:"2025-03-23T16:58:18.236829229-04:00", grpc_status:4, grpc_message:"Deadline Exceeded"}"
>
2025-03-23 16:58:18,340 [WARNING] Failed to request vote from node2: <_InactiveRpcError of RPC that terminated with:
	status = StatusCode.DEADLINE_EXCEEDED
	details = "Deadline Exceeded"
	debug_error_string = "UNKNOWN:Error received from peer  {grpc_message:"Deadline Exceeded", grpc_status:4, created_time:"2025-03-23T16:58:18.340601246-04:00"}"
>
2025-03-23 16:58:18,431 [INFO] Node node5 became leader for term 1728
2025-03-23 16:58:18,830 [INFO] Node node5 reverted to follower (higher term)
2025-03-23 16:58:19,279 [INFO] Node node5 became candidate for term 1730
2025-03-23 16:58:19,382 [INFO] Node node5 reverted to follower (higher term)
2025-03-23 16:58:19,821 [INFO] Node node5 became candidate for term 1732
2025-03-23 16:58:20,049 [INFO] Node node5 became leader for term 1732
2025-03-23 16:58:48,759 [INFO] Node node5 reverted to follower (higher term)
2025-03-23 16:58:48,864 [INFO] Node node5 became candidate for term 1734
2025-03-23 16:58:49,181 [INFO] Node node5 reverted to follower (higher term)
2025-03-23 16:58:49,279 [INFO] Node node5 became candidate for term 1736
2025-03-23 16:58:49,606 [INFO] Node node5 became leader for term 1736
2025-03-23 16:58:50,265 [INFO] Node node5 reverted to follower (higher term)
2025-03-23 16:58:50,814 [INFO] Node node5 became candidate for term 1739
2025-03-23 16:58:50,968 [WARNING] Failed to request vote from node1: <_InactiveRpcError of RPC that terminated with:
	status = StatusCode.DEADLINE_EXCEEDED
	details = "Deadline Exceeded"
	debug_error_string = "UNKNOWN:Error received from peer  {created_time:"2025-03-23T16:58:50.967998394-04:00", grpc_status:4, grpc_message:"Deadline Exceeded"}"
>
2025-03-23 16:58:51,072 [WARNING] Failed to request vote from node2: <_InactiveRpcError of RPC that terminated with:
	status = StatusCode.DEADLINE_EXCEEDED
	details = "Deadline Exceeded"
	debug_error_string = "UNKNOWN:Error received from peer  {created_time:"2025-03-23T16:58:51.072146781-04:00", grpc_status:4, grpc_message:"Deadline Exceeded"}"
>
2025-03-23 16:58:51,176 [WARNING] Failed to request vote from node3: <_InactiveRpcError of RPC that terminated with:
	status = StatusCode.DEADLINE_EXCEEDED
	details = "Deadline Exceeded"
	debug_error_string = "UNKNOWN:Error received from peer  {created_time:"2025-03-23T16:58:51.176249902-04:00", grpc_status:4, grpc_message:"Deadline Exceeded"}"
>
2025-03-23 16:58:51,383 [INFO] Node node5 became leader for term 1739
2025-03-23 16:58:51,734 [INFO] Node node5 reverted to follower (higher term)
2025-03-23 16:58:52,033 [INFO] Node node5 became candidate for term 1741
2025-03-23 16:58:52,167 [INFO] Node node5 reverted to follower (higher term)
2025-03-23 16:58:52,589 [INFO] Node node5 became candidate for term 1743
2025-03-23 16:58:52,743 [WARNING] Failed to request vote from node1: <_InactiveRpcError of RPC that terminated with:
	status = StatusCode.DEADLINE_EXCEEDED
	details = "Deadline Exceeded"
	debug_error_string = "UNKNOWN:Error received from peer  {created_time:"2025-03-23T16:58:52.743690165-04:00", grpc_status:4, grpc_message:"Deadline Exceeded"}"
>
2025-03-23 16:58:52,847 [WARNING] Failed to request vote from node2: <_InactiveRpcError of RPC that terminated with:
	status = StatusCode.DEADLINE_EXCEEDED
	details = "Deadline Exceeded"
	debug_error_string = "UNKNOWN:Error received from peer  {created_time:"2025-03-23T16:58:52.847388624-04:00", grpc_status:4, grpc_message:"Deadline Exceeded"}"
>
2025-03-23 16:58:52,985 [INFO] Node node5 became leader for term 1743
2025-03-23 16:58:53,337 [INFO] Node node5 reverted to follower (higher term)
2025-03-23 16:58:53,850 [INFO] Node node5 became candidate for term 1745
2025-03-23 16:58:54,302 [INFO] Node node5 reverted to follower (higher term)
2025-03-23 16:58:54,395 [INFO] Node node5 became candidate for term 1747
2025-03-23 16:58:54,663 [WARNING] Failed to request vote from node4: <_InactiveRpcError of RPC that terminated with:
	status = StatusCode.DEADLINE_EXCEEDED
	details = "Deadline Exceeded"
	debug_error_string = "UNKNOWN:Error received from peer  {created_time:"2025-03-23T16:58:54.663191197-04:00", grpc_status:4, grpc_message:"Deadline Exceeded"}"
>
2025-03-23 16:58:54,785 [INFO] Node node5 reverted to follower (higher term)
2025-03-23 16:58:54,872 [INFO] Node node5 became candidate for term 1749
2025-03-23 16:58:55,097 [WARNING] Failed to request vote from node2: <_InactiveRpcError of RPC that terminated with:
	status = StatusCode.DEADLINE_EXCEEDED
	details = "Deadline Exceeded"
	debug_error_string = "UNKNOWN:Error received from peer  {created_time:"2025-03-23T16:58:55.096676659-04:00", grpc_status:4, grpc_message:"Deadline Exceeded"}"
>
2025-03-23 16:58:55,205 [WARNING] Failed to request vote from node3: <_InactiveRpcError of RPC that terminated with:
	status = StatusCode.DEADLINE_EXCEEDED
	details = "Deadline Exceeded"
	debug_error_string = "UNKNOWN:Error received from peer  {created_time:"2025-03-23T16:58:55.204621084-04:00", grpc_status:4, grpc_message:"Deadline Exceeded"}"
>
2025-03-23 16:58:55,299 [INFO] Node node5 became leader for term 1749
2025-03-23 16:58:55,780 [INFO] Node node5 reverted to follower (higher term)
2025-03-23 16:58:56,118 [INFO] Node node5 became candidate for term 1751
2025-03-23 16:58:56,272 [WARNING] Failed to request vote from node1: <_InactiveRpcError of RPC that terminated with:
	status = StatusCode.DEADLINE_EXCEEDED
	details = "Deadline Exceeded"
	debug_error_string = "UNKNOWN:Error received from peer  {grpc_message:"Deadline Exceeded", grpc_status:4, created_time:"2025-03-23T16:58:56.272086575-04:00"}"
>
2025-03-23 16:58:56,375 [INFO] Node node5 reverted to follower (higher term)
2025-03-23 16:58:56,475 [INFO] Node node5 became candidate for term 1753
2025-03-23 16:58:56,628 [WARNING] Failed to request vote from node1: <_InactiveRpcError of RPC that terminated with:
	status = StatusCode.DEADLINE_EXCEEDED
	details = "Deadline Exceeded"
	debug_error_string = "UNKNOWN:Error received from peer  {grpc_message:"Deadline Exceeded", grpc_status:4, created_time:"2025-03-23T16:58:56.628452986-04:00"}"
>
2025-03-23 16:58:56,831 [WARNING] Failed to request vote from node3: <_InactiveRpcError of RPC that terminated with:
	status = StatusCode.DEADLINE_EXCEEDED
	details = "Deadline Exceeded"
	debug_error_string = "UNKNOWN:Error received from peer  {created_time:"2025-03-23T16:58:56.831480596-04:00", grpc_status:4, grpc_message:"Deadline Exceeded"}"
>
2025-03-23 16:58:56,935 [WARNING] Failed to request vote from node4: <_InactiveRpcError of RPC that terminated with:
	status = StatusCode.DEADLINE_EXCEEDED
	details = "Deadline Exceeded"
	debug_error_string = "UNKNOWN:Error received from peer  {grpc_message:"Deadline Exceeded", grpc_status:4, created_time:"2025-03-23T16:58:56.935612982-04:00"}"
>
2025-03-23 16:58:57,220 [INFO] Node node5 became leader for term 1753
2025-03-23 16:58:57,619 [INFO] Node node5 reverted to follower (higher term)
2025-03-23 16:58:57,952 [INFO] Node node5 became candidate for term 1755
2025-03-23 16:58:58,156 [INFO] Node node5 reverted to follower (higher term)
2025-03-23 16:58:58,332 [INFO] Node node5 became candidate for term 1757
2025-03-23 16:58:58,660 [INFO] Node node5 became leader for term 1757
2025-03-23 16:59:54,669 [INFO] Node node5 reverted to follower (higher term)
2025-03-23 16:59:54,795 [INFO] Node node5 became candidate for term 1759
2025-03-23 16:59:55,037 [INFO] Node node5 reverted to follower (higher term)
2025-03-23 16:59:55,139 [INFO] Node node5 became candidate for term 1761
2025-03-23 16:59:55,294 [WARNING] Failed to request vote from node1: <_InactiveRpcError of RPC that terminated with:
	status = StatusCode.DEADLINE_EXCEEDED
	details = "Deadline Exceeded"
	debug_error_string = "UNKNOWN:Error received from peer  {grpc_message:"Deadline Exceeded", grpc_status:4, created_time:"2025-03-23T16:59:55.294709383-04:00"}"
>
2025-03-23 16:59:55,398 [WARNING] Failed to request vote from node2: <_InactiveRpcError of RPC that terminated with:
	status = StatusCode.DEADLINE_EXCEEDED
	details = "Deadline Exceeded"
	debug_error_string = "UNKNOWN:Error received from peer  {created_time:"2025-03-23T16:59:55.398177679-04:00", grpc_status:4, grpc_message:"Deadline Exceeded"}"
>
2025-03-23 16:59:55,545 [INFO] Node node5 reverted to follower (higher term)
2025-03-23 16:59:55,676 [INFO] Node node5 became candidate for term 1763
2025-03-23 16:59:55,832 [WARNING] Failed to request vote from node1: <_InactiveRpcError of RPC that terminated with:
	status = StatusCode.DEADLINE_EXCEEDED
	details = "Deadline Exceeded"
	debug_error_string = "UNKNOWN:Error received from peer  {grpc_message:"Deadline Exceeded", grpc_status:4, created_time:"2025-03-23T16:59:55.832320497-04:00"}"
>
2025-03-23 16:59:56,043 [INFO] Node node5 became leader for term 1763
2025-03-23 17:00:27,566 [INFO] Node node5 reverted to follower (higher term)
2025-03-23 17:00:27,691 [INFO] Node node5 became candidate for term 1765
2025-03-23 17:00:28,013 [INFO] Node node5 became leader for term 1765
2025-03-23 17:00:28,549 [INFO] Node node5 reverted to follower (higher term)
2025-03-23 17:00:28,831 [INFO] Node node5 became candidate for term 1767
2025-03-23 17:00:29,129 [INFO] Node node5 became leader for term 1767
2025-03-23 17:01:00,500 [INFO] Node node5 reverted to follower (higher term)
2025-03-23 17:01:00,609 [INFO] Node node5 became candidate for term 1769
2025-03-23 17:01:00,817 [INFO] Node node5 became leader for term 1769
