2025-03-23 16:57:08,136 [INFO] Database initialized at data/node4/node_node4.db
2025-03-23 16:57:08,184 [INFO] Loaded state from database: 0 users, 0 messages
2025-03-23 16:57:08,195 [INFO] Initialized Raft node node4 at 127.0.0.1:50054
2025-03-23 16:57:08,207 [INFO] Server started as node node4 listening on [::]:50054
2025-03-23 16:57:08,208 [INFO] Cluster configuration: {'node1': '127.0.0.1:50051', 'node2': '127.0.0.1:50052', 'node3': '127.0.0.1:50053', 'node4': '127.0.0.1:50054', 'node5': '127.0.0.1:50055'}
2025-03-23 16:57:08,597 [INFO] Node node4 became candidate for term 1693
2025-03-23 16:57:08,710 [INFO] Node node4 reverted to follower (higher term)
2025-03-23 16:57:09,004 [INFO] Node node4 became candidate for term 1695
2025-03-23 16:57:09,926 [INFO] Node node4 reverted to follower (higher term)
2025-03-23 16:57:10,051 [INFO] Node node4 became candidate for term 1697
2025-03-23 16:57:10,382 [WARNING] Failed to request vote from node3: <_InactiveRpcError of RPC that terminated with:
	status = StatusCode.DEADLINE_EXCEEDED
	details = "Deadline Exceeded"
	debug_error_string = "UNKNOWN:Error received from peer  {grpc_message:"Deadline Exceeded", grpc_status:4, created_time:"2025-03-23T16:57:10.381436234-04:00"}"
>
2025-03-23 16:57:13,680 [INFO] Node node4 became candidate for term 1704
2025-03-23 16:57:13,783 [INFO] Node node4 reverted to follower (higher term)
2025-03-23 16:57:14,738 [INFO] Node node4 became candidate for term 1706
2025-03-23 16:57:14,826 [INFO] Node node4 reverted to follower (higher term)
2025-03-23 16:57:42,927 [INFO] Node node4 became candidate for term 1712
2025-03-23 16:57:43,536 [INFO] Node node4 reverted to follower (higher term)
2025-03-23 16:57:43,637 [INFO] Node node4 became candidate for term 1714
2025-03-23 16:57:44,084 [INFO] Node node4 reverted to follower (higher term)
2025-03-23 16:57:44,170 [INFO] Node node4 became candidate for term 1716
2025-03-23 16:57:44,393 [WARNING] Failed to request vote from node3: <_InactiveRpcError of RPC that terminated with:
	status = StatusCode.DEADLINE_EXCEEDED
	details = "Deadline Exceeded"
	debug_error_string = "UNKNOWN:Error received from peer  {created_time:"2025-03-23T16:57:44.392904041-04:00", grpc_status:4, grpc_message:"Deadline Exceeded"}"
>
2025-03-23 16:57:44,605 [INFO] Node node4 became leader for term 1716
2025-03-23 16:57:44,971 [INFO] Node node4 reverted to follower (higher term)
2025-03-23 16:57:45,512 [INFO] Node node4 became candidate for term 1718
2025-03-23 16:57:45,708 [INFO] Node node4 reverted to follower (higher term)
2025-03-23 16:58:15,812 [INFO] Node node4 became candidate for term 1723
2025-03-23 16:58:16,194 [INFO] Node node4 reverted to follower (higher term)
2025-03-23 16:58:16,290 [INFO] Node node4 became candidate for term 1726
2025-03-23 16:58:16,647 [INFO] Node node4 became leader for term 1726
2025-03-23 16:58:18,797 [INFO] Node node4 became candidate for term 1728
2025-03-23 16:58:18,907 [INFO] Node node4 reverted to follower (higher term)
2025-03-23 16:58:48,734 [INFO] Node node4 became candidate for term 1733
2025-03-23 16:58:49,030 [INFO] Node node4 reverted to follower (higher term)
2025-03-23 16:58:49,927 [INFO] Node node4 became candidate for term 1736
2025-03-23 16:58:50,044 [INFO] Node node4 reverted to follower (higher term)
2025-03-23 16:58:51,714 [INFO] Node node4 became candidate for term 1739
2025-03-23 16:58:57,869 [INFO] Node node4 became candidate for term 1754
2025-03-23 16:59:21,632 [INFO] Node node4 became candidate for term 1757
2025-03-23 16:59:28,682 [WARNING] Failed to request vote from node2: <_InactiveRpcError of RPC that terminated with:
	status = StatusCode.DEADLINE_EXCEEDED
	details = "Deadline Exceeded"
	debug_error_string = "UNKNOWN:Error received from peer  {grpc_message:"Deadline Exceeded", grpc_status:4, created_time:"2025-03-23T16:59:28.682288122-04:00"}"
>
2025-03-23 16:59:39,185 [WARNING] Failed to request vote from node2: <_InactiveRpcError of RPC that terminated with:
	status = StatusCode.DEADLINE_EXCEEDED
	details = "Deadline Exceeded"
	debug_error_string = "UNKNOWN:Error received from peer  {grpc_message:"Deadline Exceeded", grpc_status:4, created_time:"2025-03-23T16:59:39.185573768-04:00"}"
>
2025-03-23 16:59:54,665 [INFO] Node node4 reverted to follower (higher term)
2025-03-23 17:00:27,572 [INFO] Node node4 became candidate for term 1763
2025-03-23 17:00:27,754 [INFO] Node node4 became leader for term 1764
2025-03-23 17:00:27,964 [INFO] Node node4 reverted to follower (higher term)
2025-03-23 17:00:28,272 [INFO] Node node4 became candidate for term 1766
2025-03-23 17:00:28,425 [WARNING] Failed to request vote from node1: <_InactiveRpcError of RPC that terminated with:
	status = StatusCode.DEADLINE_EXCEEDED
	details = "Deadline Exceeded"
	debug_error_string = "UNKNOWN:Error received from peer  {grpc_message:"Deadline Exceeded", grpc_status:4, created_time:"2025-03-23T17:00:28.42528406-04:00"}"
>
2025-03-23 17:00:28,619 [INFO] Node node4 became leader for term 1766
2025-03-23 17:00:29,056 [INFO] Node node4 reverted to follower (higher term)
2025-03-23 17:01:00,505 [INFO] Node node4 became candidate for term 1768
2025-03-23 17:01:00,691 [INFO] Node node4 reverted to follower (higher term)
PC that terminated with:
	status = StatusCode.DEADLINE_EXCEEDED
	details = "Deadline Exceeded"
	debug_error_string = "UNKNOWN:Error received from peer  {created_time:"2025-03-23T16:57:41.008683478-04:00", grpc_status:4, grpc_message:"Deadline Exceeded"}"
>
2025-03-23 16:57:42,969 [INFO] Node node4 reverted to follower (higher term)
2025-03-23 16:57:43,272 [INFO] Node node4 became candidate for term 1713
2025-03-23 16:57:43,426 [WARNING] Failed to request vote from node1: <_InactiveRpcError of RPC that terminated with:
	status = StatusCode.DEADLINE_EXCEEDED
	details = "Deadline Exceeded"
	debug_error_string = "UNKNOWN:Error received from peer  {grpc_message:"Deadline Exceeded", grpc_status:4, created_time:"2025-03-23T16:57:43.425911155-04:00"}"
>
2025-03-23 16:57:43,578 [INFO] Node node4 reverted to follower (higher term)
2025-03-23 16:57:43,872 [INFO] Node node4 became candidate for term 1715
2025-03-23 16:57:44,150 [INFO] Node node4 became leader for term 1715
2025-03-23 16:57:44,312 [INFO] Node node4 reverted to follower (higher term)
2025-03-23 16:57:44,919 [INFO] Node node4 became candidate for term 1717
2025-03-23 16:57:45,136 [INFO] Node node4 became leader for term 1717
2025-03-23 16:57:46,013 [INFO] Node node4 reverted to follower (higher term)
2025-03-23 16:57:46,449 [INFO] Node node4 became candidate for term 1720
2025-03-23 16:57:46,568 [INFO] Node node4 reverted to follower (higher term)
2025-03-23 16:57:47,041 [INFO] Node node4 became candidate for term 1722
2025-03-23 16:57:47,202 [WARNING] Failed to request vote from node3: <_InactiveRpcError of RPC that terminated with:
	status = StatusCode.DEADLINE_EXCEEDED
	details = "Deadline Exceeded"
	debug_error_string = "UNKNOWN:Error received from peer  {created_time:"2025-03-23T16:57:47.201908727-04:00", grpc_status:4, grpc_message:"Deadline Exceeded"}"
>
2025-03-23 16:57:47,438 [INFO] Node node4 became leader for term 1722
2025-03-23 16:58:15,851 [INFO] Node node4 reverted to follower (higher term)
2025-03-23 16:58:15,958 [INFO] Node node4 became candidate for term 1724
2025-03-23 16:58:16,279 [INFO] Node node4 became leader for term 1724
2025-03-23 16:58:16,546 [INFO] Node node4 reverted to follower (higher term)
2025-03-23 16:58:17,829 [INFO] Node node4 became candidate for term 1727
2025-03-23 16:58:18,214 [INFO] Node node4 reverted to follower (higher term)
2025-03-23 16:58:19,368 [INFO] Node node4 became candidate for term 1729
2025-03-23 16:58:19,493 [INFO] Node node4 reverted to follower (higher term)
2025-03-23 16:58:19,805 [INFO] Node node4 became candidate for term 1732
2025-03-23 16:58:20,096 [INFO] Node node4 became leader for term 1732
2025-03-23 16:58:48,775 [INFO] Node node4 reverted to follower (higher term)
2025-03-23 16:58:48,875 [INFO] Node node4 became candidate for term 1734
2025-03-23 16:58:49,029 [WARNING] Failed to request vote from node1: <_InactiveRpcError of RPC that terminated with:
	status = StatusCode.DEADLINE_EXCEEDED
	details = "Deadline Exceeded"
	debug_error_string = "UNKNOWN:Error received from peer  {grpc_message:"Deadline Exceeded", grpc_status:4, created_time:"2025-03-23T16:58:49.02923132-04:00"}"
>
2025-03-23 16:58:49,159 [INFO] Node node4 reverted to follower (higher term)
2025-03-23 16:58:49,506 [INFO] Node node4 became candidate for term 1736
2025-03-23 16:58:49,699 [INFO] Node node4 became leader for term 1736
2025-03-23 16:58:50,439 [INFO] Node node4 reverted to follower (higher term)
2025-03-23 16:58:50,990 [INFO] Node node4 became candidate for term 1739
2025-03-23 16:58:51,192 [WARNING] Failed to request vote from node5: <_InactiveRpcError of RPC that terminated with:
	status = StatusCode.DEADLINE_EXCEEDED
	details = "Deadline Exceeded"
	debug_error_string = "UNKNOWN:Error received from peer  {created_time:"2025-03-23T16:58:51.191923634-04:00", grpc_status:4, grpc_message:"Deadline Exceeded"}"
>
2025-03-23 16:58:51,348 [INFO] Node node4 became leader for term 1739
2025-03-23 16:58:51,808 [INFO] Node node4 reverted to follower (higher term)
2025-03-23 16:58:52,097 [INFO] Node node4 became candidate for term 1742
2025-03-23 16:58:52,340 [WARNING] Failed to request vote from node3: <_InactiveRpcError of RPC that terminated with:
	status = StatusCode.DEADLINE_EXCEEDED
	details = "Deadline Exceeded"
	debug_error_string = "UNKNOWN:Error received from peer  {created_time:"2025-03-23T16:58:52.340141985-04:00", grpc_status:4, grpc_message:"Deadline Exceeded"}"
>
2025-03-23 16:58:52,427 [INFO] Node node4 became leader for term 1742
2025-03-23 16:58:52,718 [INFO] Node node4 reverted to follower (higher term)
2025-03-23 16:58:53,671 [INFO] Node node4 became candidate for term 1744
2025-03-23 16:58:53,783 [INFO] Node node4 reverted to follower (higher term)
2025-03-23 16:58:54,580 [INFO] Node node4 became candidate for term 1747
2025-03-23 16:58:55,193 [INFO] Node node4 became candidate for term 1748
2025-03-23 16:58:56,345 [INFO] Node node4 became candidate for term 1750
2025-03-23 16:58:56,443 [INFO] Node node4 reverted to follower (higher term)
2025-03-23 16:58:56,906 [INFO] Node node4 became candidate for term 1753
2025-03-23 16:58:58,026 [INFO] Node node4 became candidate for term 1754
2025-03-23 16:58:58,169 [INFO] Node node4 reverted to follower (higher term)
2025-03-23 16:58:58,501 [INFO] Node node4 became candidate for term 1756
2025-03-23 16:58:58,603 [INFO] Node node4 reverted to follower (higher term)
2025-03-23 16:59:54,622 [INFO] Node node4 became candidate for term 1758
2025-03-23 16:59:54,788 [INFO] Node node4 reverted to follower (higher term)
2025-03-23 16:59:55,050 [INFO] Node node4 became candidate for term 1760
2025-03-23 16:59:55,204 [WARNING] Failed to request vote from node1: <_InactiveRpcError of RPC that terminated with:
	status = StatusCode.DEADLINE_EXCEEDED
	details = "Deadline Exceeded"
	debug_error_string = "UNKNOWN:Error received from peer  {created_time:"2025-03-23T16:59:55.204352337-04:00", grpc_status:4, grpc_message:"Deadline Exceeded"}"
>
2025-03-23 16:59:55,308 [WARNING] Failed to request vote from node2: <_InactiveRpcError of RPC that terminated with:
	status = StatusCode.DEADLINE_EXCEEDED
	details = "Deadline Exceeded"
	debug_error_string = "UNKNOWN:Error received from peer  {grpc_message:"Deadline Exceeded", grpc_status:4, created_time:"2025-03-23T16:59:55.308544769-04:00"}"
>
2025-03-23 16:59:55,352 [INFO] Node node4 reverted to follower (higher term)
2025-03-23 16:59:55,514 [INFO] Node node4 became candidate for term 1762
2025-03-23 16:59:55,669 [WARNING] Failed to request vote from node1: <_InactiveRpcError of RPC that terminated with:
	status = StatusCode.DEADLINE_EXCEEDED
	details = "Deadline Exceeded"
	debug_error_string = "UNKNOWN:Error received from peer  {grpc_message:"Deadline Exceeded", grpc_status:4, created_time:"2025-03-23T16:59:55.669564923-04:00"}"
>
2025-03-23 16:59:55,909 [INFO] Node node4 became leader for term 1762
2025-03-23 16:59:55,957 [INFO] Node node4 reverted to follower (higher term)
2025-03-23 17:00:27,535 [INFO] Node node4 became candidate for term 1764
2025-03-23 17:00:27,717 [INFO] Node node4 became leader for term 1764
2025-03-23 17:00:27,811 [INFO] Node node4 reverted to follower (higher term)
2025-03-23 17:00:28,840 [INFO] Node node4 became candidate for term 1766
2025-03-23 17:00:28,932 [INFO] Node node4 reverted to follower (higher term)
2025-03-23 17:01:00,553 [INFO] Node node4 became candidate for term 1768
2025-03-23 17:01:00,724 [INFO] Node node4 reverted to follower (higher term)
