2025-03-23 20:11:31,082 [INFO] Database initialized at data/node1/node_node1.db
2025-03-23 20:11:31,098 [INFO] Loaded state from database: 0 users, 0 messages
2025-03-23 20:11:31,108 [INFO] Initialized Raft node node1 at 127.0.0.1:50051
2025-03-23 20:11:31,116 [INFO] Server started as node node1 listening on 0.0.0.0:50051
2025-03-23 20:11:31,117 [INFO] Cluster configuration: {'node1': '127.0.0.1:50051', 'node2': '127.0.0.1:50052', 'node3': '127.0.0.1:50053'}
2025-03-23 20:11:32,307 [INFO] Node node1 became candidate for term 63
2025-03-23 20:11:32,470 [INFO] Node node1 became leader for term 63
2025-03-23 20:11:33,249 [INFO] Node node1 reverted to follower (higher term)
2025-03-23 20:11:34,479 [INFO] Node node1 became candidate for term 65
2025-03-23 20:11:34,595 [INFO] Node node1 became leader for term 65
2025-03-23 20:11:35,921 [INFO] Node node1 reverted to follower (higher term)
2025-03-23 20:11:37,407 [INFO] Node node1 became candidate for term 67
2025-03-23 20:11:37,560 [WARNING] Failed to request vote from node2: <_InactiveRpcError of RPC that terminated with:
	status = StatusCode.DEADLINE_EXCEEDED
	details = "Deadline Exceeded"
	debug_error_string = "UNKNOWN:Error received from peer  {grpc_message:"Deadline Exceeded", grpc_status:4, created_time:"2025-03-23T20:11:37.559804419-04:00"}"
>
2025-03-23 20:11:37,677 [INFO] Node node1 became leader for term 67
2025-03-23 20:11:38,872 [INFO] Node node1 reverted to follower (higher term)
2025-03-23 20:11:40,657 [INFO] Node node1 became candidate for term 69
2025-03-23 20:11:40,810 [WARNING] Failed to request vote from node2: <_InactiveRpcError of RPC that terminated with:
	status = StatusCode.DEADLINE_EXCEEDED
	details = "Deadline Exceeded"
	debug_error_string = "UNKNOWN:Error received from peer  {created_time:"2025-03-23T20:11:40.81021518-04:00", grpc_status:4, grpc_message:"Deadline Exceeded"}"
>
2025-03-23 20:11:40,913 [WARNING] Failed to request vote from node3: <_InactiveRpcError of RPC that terminated with:
	status = StatusCode.DEADLINE_EXCEEDED
	details = "Deadline Exceeded"
	debug_error_string = "UNKNOWN:Error received from peer  {grpc_message:"Deadline Exceeded", grpc_status:4, created_time:"2025-03-23T20:11:40.913655235-04:00"}"
>
2025-03-23 20:11:41,020 [INFO] Node node1 became leader for term 69
2025-03-23 20:11:42,059 [INFO] Node node1 reverted to follower (higher term)
2025-03-23 20:11:43,242 [INFO] Node node1 became candidate for term 71
2025-03-23 20:11:43,396 [WARNING] Failed to request vote from node2: <_InactiveRpcError of RPC that terminated with:
	status = StatusCode.DEADLINE_EXCEEDED
	details = "Deadline Exceeded"
	debug_error_string = "UNKNOWN:Error received from peer  {created_time:"2025-03-23T20:11:43.396056413-04:00", grpc_status:4, grpc_message:"Deadline Exceeded"}"
>
2025-03-23 20:11:43,521 [INFO] Node node1 became leader for term 71
2025-03-23 20:11:45,469 [INFO] Node node1 reverted to follower (higher term)
2025-03-23 20:11:46,623 [INFO] Node node1 became candidate for term 73
2025-03-23 20:11:46,777 [WARNING] Failed to request vote from node2: <_InactiveRpcError of RPC that terminated with:
	status = StatusCode.DEADLINE_EXCEEDED
	details = "Deadline Exceeded"
	debug_error_string = "UNKNOWN:Error received from peer  {grpc_message:"Deadline Exceeded", grpc_status:4, created_time:"2025-03-23T20:11:46.776914792-04:00"}"
>
2025-03-23 20:11:46,900 [INFO] Node node1 became leader for term 73
2025-03-23 20:11:48,113 [INFO] Node node1 reverted to follower (higher term)
2025-03-23 20:11:49,214 [INFO] Node node1 became candidate for term 75
2025-03-23 20:11:49,367 [WARNING] Failed to request vote from node2: <_InactiveRpcError of RPC that terminated with:
	status = StatusCode.DEADLINE_EXCEEDED
	details = "Deadline Exceeded"
	debug_error_string = "UNKNOWN:Error received from peer  {grpc_message:"Deadline Exceeded", grpc_status:4, created_time:"2025-03-23T20:11:49.367577009-04:00"}"
>
2025-03-23 20:11:49,475 [INFO] Node node1 became leader for term 75
2025-03-23 20:11:50,801 [INFO] Node node1 reverted to follower (higher term)
2025-03-23 20:11:52,293 [INFO] Node node1 became candidate for term 77
2025-03-23 20:11:52,470 [INFO] Node node1 became leader for term 77
2025-03-23 20:11:53,758 [INFO] Node node1 reverted to follower (higher term)
2025-03-23 20:11:55,643 [INFO] Node node1 became candidate for term 79
2025-03-23 20:11:55,797 [WARNING] Failed to request vote from node2: <_InactiveRpcError of RPC that terminated with:
	status = StatusCode.DEADLINE_EXCEEDED
	details = "Deadline Exceeded"
	debug_error_string = "UNKNOWN:Error received from peer  {grpc_message:"Deadline Exceeded", grpc_status:4, created_time:"2025-03-23T20:11:55.796885879-04:00"}"
>
2025-03-23 20:11:55,902 [WARNING] Failed to request vote from node3: <_InactiveRpcError of RPC that terminated with:
	status = StatusCode.DEADLINE_EXCEEDED
	details = "Deadline Exceeded"
	debug_error_string = "UNKNOWN:Error received from peer  {created_time:"2025-03-23T20:11:55.902646063-04:00", grpc_status:4, grpc_message:"Deadline Exceeded"}"
>
2025-03-23 20:11:55,996 [INFO] Node node1 became leader for term 79
2025-03-23 20:11:56,672 [INFO] Node node1 reverted to follower (higher term)
2025-03-23 20:11:57,728 [INFO] Node node1 became candidate for term 81
2025-03-23 20:11:57,883 [WARNING] Failed to request vote from node2: <_InactiveRpcError of RPC that terminated with:
	status = StatusCode.DEADLINE_EXCEEDED
	details = "Deadline Exceeded"
	debug_error_string = "UNKNOWN:Error received from peer  {created_time:"2025-03-23T20:11:57.88292927-04:00", grpc_status:4, grpc_message:"Deadline Exceeded"}"
>
2025-03-23 20:11:57,946 [INFO] Node node1 became leader for term 81
2025-03-23 20:11:59,714 [INFO] Node node1 reverted to follower (higher term)
2025-03-23 20:12:01,244 [INFO] Node node1 became candidate for term 83
2025-03-23 20:12:01,471 [WARNING] Failed to request vote from node3: <_InactiveRpcError of RPC that terminated with:
	status = StatusCode.DEADLINE_EXCEEDED
	details = "Deadline Exceeded"
	debug_error_string = "UNKNOWN:Error received from peer  {created_time:"2025-03-23T20:12:01.470871123-04:00", grpc_status:4, grpc_message:"Deadline Exceeded"}"
>
2025-03-23 20:12:01,474 [INFO] Node node1 became leader for term 83
2025-03-23 20:12:03,148 [INFO] Node node1 reverted to follower (higher term)
2025-03-23 20:12:04,441 [INFO] Node node1 became candidate for term 85
2025-03-23 20:12:04,594 [WARNING] Failed to request vote from node2: <_InactiveRpcError of RPC that terminated with:
	status = StatusCode.DEADLINE_EXCEEDED
	details = "Deadline Exceeded"
	debug_error_string = "UNKNOWN:Error received from peer  {grpc_message:"Deadline Exceeded", grpc_status:4, created_time:"2025-03-23T20:12:04.594269856-04:00"}"
>
2025-03-23 20:12:04,639 [INFO] Node node1 became leader for term 85
2025-03-23 20:12:05,167 [INFO] Node node1 reverted to follower (higher term)
2025-03-23 20:12:07,095 [INFO] Node node1 became candidate for term 87
2025-03-23 20:12:07,249 [WARNING] Failed to request vote from node2: <_InactiveRpcError of RPC that terminated with:
	status = StatusCode.DEADLINE_EXCEEDED
	details = "Deadline Exceeded"
	debug_error_string = "UNKNOWN:Error received from peer  {grpc_message:"Deadline Exceeded", grpc_status:4, created_time:"2025-03-23T20:12:07.249484278-04:00"}"
>
2025-03-23 20:12:07,344 [INFO] Node node1 became leader for term 87
2025-03-23 20:12:08,394 [INFO] Node node1 reverted to follower (higher term)
2025-03-23 20:12:10,109 [INFO] Node node1 became candidate for term 89
2025-03-23 20:12:10,287 [INFO] Node node1 became leader for term 89
2025-03-23 20:12:11,720 [INFO] Node node1 reverted to follower (higher term)
2025-03-23 20:12:12,962 [INFO] Node node1 became candidate for term 91
2025-03-23 20:12:13,188 [INFO] Node node1 became leader for term 91
2025-03-23 20:12:14,690 [INFO] Node node1 reverted to follower (higher term)
2025-03-23 20:12:15,969 [INFO] Node node1 became candidate for term 93
2025-03-23 20:12:16,124 [WARNING] Failed to request vote from node2: <_InactiveRpcError of RPC that terminated with:
	status = StatusCode.DEADLINE_EXCEEDED
	details = "Deadline Exceeded"
	debug_error_string = "UNKNOWN:Error received from peer  {created_time:"2025-03-23T20:12:16.124015749-04:00", grpc_status:4, grpc_message:"Deadline Exceeded"}"
>
2025-03-23 20:12:16,229 [WARNING] Failed to request vote from node3: <_InactiveRpcError of RPC that terminated with:
	status = StatusCode.DEADLINE_EXCEEDED
	details = "Deadline Exceeded"
	debug_error_string = "UNKNOWN:Error received from peer  {created_time:"2025-03-23T20:12:16.228783792-04:00", grpc_status:4, grpc_message:"Deadline Exceeded"}"
>
2025-03-23 20:12:16,421 [INFO] Node node1 became leader for term 93
2025-03-23 20:12:18,740 [INFO] Node node1 reverted to follower (higher term)
2025-03-23 20:12:18,837 [INFO] Node node1 became candidate for term 95
2025-03-23 20:12:19,061 [WARNING] Failed to request vote from node3: <_InactiveRpcError of RPC that terminated with:
	status = StatusCode.DEADLINE_EXCEEDED
	details = "Deadline Exceeded"
	debug_error_string = "UNKNOWN:Error received from peer  {created_time:"2025-03-23T20:12:19.060856606-04:00", grpc_status:4, grpc_message:"Deadline Exceeded"}"
>
2025-03-23 20:12:19,148 [INFO] Node node1 became leader for term 95
2025-03-23 20:12:19,439 [INFO] Node node1 reverted to follower (higher term)
2025-03-23 20:12:20,534 [INFO] Node node1 became candidate for term 97
2025-03-23 20:12:20,759 [INFO] Node node1 became leader for term 97
2025-03-23 20:12:21,965 [INFO] Node node1 reverted to follower (higher term)
2025-03-23 20:12:23,810 [INFO] Node node1 became candidate for term 99
2025-03-23 20:12:23,964 [WARNING] Failed to request vote from node2: <_InactiveRpcError of RPC that terminated with:
	status = StatusCode.DEADLINE_EXCEEDED
	details = "Deadline Exceeded"
	debug_error_string = "UNKNOWN:Error received from peer  {grpc_message:"Deadline Exceeded", grpc_status:4, created_time:"2025-03-23T20:12:23.96402834-04:00"}"
>
2025-03-23 20:12:24,024 [INFO] Node node1 became leader for term 99
2025-03-23 20:12:25,268 [INFO] Node node1 reverted to follower (higher term)
2025-03-23 20:12:27,026 [INFO] Node node1 became candidate for term 101
2025-03-23 20:12:27,252 [INFO] Node node1 became leader for term 101
2025-03-23 20:12:28,704 [INFO] Node node1 reverted to follower (higher term)
2025-03-23 20:12:30,585 [INFO] Node node1 became candidate for term 103
2025-03-23 20:12:30,833 [INFO] Node node1 became leader for term 103
2025-03-23 20:12:32,086 [INFO] Node node1 reverted to follower (higher term)
2025-03-23 20:12:33,094 [INFO] Node node1 became candidate for term 105
2025-03-23 20:12:33,295 [INFO] Node node1 became leader for term 105
2025-03-23 20:12:34,805 [INFO] Node node1 reverted to follower (higher term)
2025-03-23 20:12:36,485 [INFO] Node node1 became candidate for term 107
2025-03-23 20:12:36,737 [WARNING] Failed to request vote from node3: <_InactiveRpcError of RPC that terminated with:
	status = StatusCode.DEADLINE_EXCEEDED
	details = "Deadline Exceeded"
	debug_error_string = "UNKNOWN:Error received from peer  {grpc_message:"Deadline Exceeded", grpc_status:4, created_time:"2025-03-23T20:12:36.737773759-04:00"}"
>
2025-03-23 20:12:36,740 [INFO] Node node1 became leader for term 107
2025-03-23 20:12:38,204 [INFO] Node node1 reverted to follower (higher term)
2025-03-23 20:12:39,794 [INFO] Node node1 became candidate for term 109
2025-03-23 20:12:39,950 [WARNING] Failed to request vote from node2: <_InactiveRpcError of RPC that terminated with:
	status = StatusCode.DEADLINE_EXCEEDED
	details = "Deadline Exceeded"
	debug_error_string = "UNKNOWN:Error received from peer  {created_time:"2025-03-23T20:12:39.94980741-04:00", grpc_status:4, grpc_message:"Deadline Exceeded"}"
>
2025-03-23 20:12:40,054 [WARNING] Failed to request vote from node3: <_InactiveRpcError of RPC that terminated with:
	status = StatusCode.DEADLINE_EXCEEDED
	details = "Deadline Exceeded"
	debug_error_string = "UNKNOWN:Error received from peer  {created_time:"2025-03-23T20:12:40.054121517-04:00", grpc_status:4, grpc_message:"Deadline Exceeded"}"
>
2025-03-23 20:12:40,205 [INFO] Node node1 became leader for term 109
2025-03-23 20:12:41,410 [INFO] Node node1 reverted to follower (higher term)
2025-03-23 20:12:43,017 [INFO] Node node1 became candidate for term 111
2025-03-23 20:12:43,239 [INFO] Node node1 became leader for term 111
2025-03-23 20:12:44,354 [INFO] Node node1 reverted to follower (higher term)
2025-03-23 20:12:45,865 [INFO] Node node1 became candidate for term 113
2025-03-23 20:12:46,056 [INFO] Node node1 became leader for term 113
2025-03-23 20:12:47,411 [INFO] Node node1 reverted to follower (higher term)
2025-03-23 20:12:48,500 [INFO] Node node1 became candidate for term 115
2025-03-23 20:12:48,692 [INFO] Node node1 became leader for term 115
2025-03-23 20:12:49,896 [INFO] Node node1 reverted to follower (higher term)
2025-03-23 20:12:51,983 [INFO] Node node1 became candidate for term 117
2025-03-23 20:12:52,189 [INFO] Node node1 became leader for term 117
2025-03-23 20:12:53,578 [INFO] Node node1 reverted to follower (higher term)
2025-03-23 20:12:55,172 [INFO] Node node1 became candidate for term 119
2025-03-23 20:12:55,326 [WARNING] Failed to request vote from node2: <_InactiveRpcError of RPC that terminated with:
	status = StatusCode.DEADLINE_EXCEEDED
	details = "Deadline Exceeded"
	debug_error_string = "UNKNOWN:Error received from peer  {created_time:"2025-03-23T20:12:55.326004817-04:00", grpc_status:4, grpc_message:"Deadline Exceeded"}"
>
2025-03-23 20:12:55,427 [INFO] Node node1 became leader for term 119
2025-03-23 20:12:56,639 [INFO] Node node1 reverted to follower (higher term)
2025-03-23 20:12:57,845 [INFO] Node node1 became candidate for term 121
2025-03-23 20:12:58,012 [INFO] Node node1 became leader for term 121
2025-03-23 20:12:59,372 [INFO] Node node1 reverted to follower (higher term)
2025-03-23 20:13:00,717 [INFO] Node node1 became candidate for term 123
2025-03-23 20:13:00,915 [INFO] Node node1 became leader for term 123
2025-03-23 20:13:02,402 [INFO] Node node1 reverted to follower (higher term)
2025-03-23 20:13:03,913 [INFO] Node node1 became candidate for term 125
2025-03-23 20:13:04,073 [INFO] Node node1 became leader for term 125
2025-03-23 20:13:04,789 [INFO] Node node1 reverted to follower (higher term)
2025-03-23 20:13:05,937 [INFO] Node node1 became candidate for term 127
2025-03-23 20:13:06,151 [INFO] Node node1 became leader for term 127
2025-03-23 20:13:07,384 [INFO] Node node1 reverted to follower (higher term)
2025-03-23 20:13:08,623 [INFO] Node node1 became candidate for term 129
2025-03-23 20:13:08,827 [INFO] Node node1 became leader for term 129
2025-03-23 20:13:10,281 [INFO] Node node1 reverted to follower (higher term)
2025-03-23 20:13:12,232 [INFO] Node node1 became candidate for term 131
2025-03-23 20:13:12,431 [INFO] Node node1 became leader for term 131
2025-03-23 20:13:14,022 [INFO] Node node1 reverted to follower (higher term)
2025-03-23 20:13:15,820 [INFO] Node node1 became candidate for term 133
2025-03-23 20:13:15,974 [WARNING] Failed to request vote from node2: <_InactiveRpcError of RPC that terminated with:
	status = StatusCode.DEADLINE_EXCEEDED
	details = "Deadline Exceeded"
	debug_error_string = "UNKNOWN:Error received from peer  {grpc_message:"Deadline Exceeded", grpc_status:4, created_time:"2025-03-23T20:13:15.973798494-04:00"}"
>
2025-03-23 20:13:16,038 [INFO] Node node1 became leader for term 133
2025-03-23 20:13:17,382 [INFO] Node node1 reverted to follower (higher term)
2025-03-23 20:13:19,262 [INFO] Node node1 became candidate for term 135
2025-03-23 20:13:19,453 [INFO] Node node1 became leader for term 135
2025-03-23 20:13:20,608 [INFO] Node node1 reverted to follower (higher term)
2025-03-23 20:13:21,608 [INFO] Node node1 became candidate for term 137
2025-03-23 20:13:21,852 [WARNING] Failed to request vote from node3: <_InactiveRpcError of RPC that terminated with:
	status = StatusCode.DEADLINE_EXCEEDED
	details = "Deadline Exceeded"
	debug_error_string = "UNKNOWN:Error received from peer  {grpc_message:"Deadline Exceeded", grpc_status:4, created_time:"2025-03-23T20:13:21.851850795-04:00"}"
>
2025-03-23 20:13:21,852 [INFO] Node node1 became leader for term 137
2025-03-23 20:13:23,164 [INFO] Node node1 reverted to follower (higher term)
2025-03-23 20:13:25,247 [INFO] Node node1 became candidate for term 139
2025-03-23 20:13:25,466 [INFO] Node node1 became leader for term 139
2025-03-23 20:13:26,557 [INFO] Node node1 reverted to follower (higher term)
2025-03-23 20:13:28,041 [INFO] Node node1 became candidate for term 141
2025-03-23 20:13:28,195 [WARNING] Failed to request vote from node2: <_InactiveRpcError of RPC that terminated with:
	status = StatusCode.DEADLINE_EXCEEDED
	details = "Deadline Exceeded"
	debug_error_string = "UNKNOWN:Error received from peer  {created_time:"2025-03-23T20:13:28.195265474-04:00", grpc_status:4, grpc_message:"Deadline Exceeded"}"
>
2025-03-23 20:13:28,250 [INFO] Node node1 became leader for term 141
2025-03-23 20:13:29,821 [INFO] Node node1 reverted to follower (higher term)
2025-03-23 20:13:30,895 [INFO] Node node1 became candidate for term 143
2025-03-23 20:13:31,107 [INFO] Node node1 became leader for term 143
2025-03-23 20:13:32,413 [INFO] Node node1 reverted to follower (higher term)
2025-03-23 20:13:33,594 [INFO] Node node1 became candidate for term 145
2025-03-23 20:13:33,747 [WARNING] Failed to request vote from node2: <_InactiveRpcError of RPC that terminated with:
	status = StatusCode.DEADLINE_EXCEEDED
	details = "Deadline Exceeded"
	debug_error_string = "UNKNOWN:Error received from peer  {created_time:"2025-03-23T20:13:33.747654918-04:00", grpc_status:4, grpc_message:"Deadline Exceeded"}"
>
2025-03-23 20:13:33,845 [INFO] Node node1 became leader for term 145
2025-03-23 20:13:35,036 [INFO] Node node1 reverted to follower (higher term)
2025-03-23 20:13:36,879 [INFO] Node node1 became candidate for term 147
2025-03-23 20:13:37,019 [INFO] Node node1 became leader for term 147
2025-03-23 20:13:37,547 [INFO] Node node1 reverted to follower (higher term)
2025-03-23 20:13:39,398 [INFO] Node node1 became candidate for term 149
2025-03-23 20:13:39,551 [WARNING] Failed to request vote from node2: <_InactiveRpcError of RPC that terminated with:
	status = StatusCode.DEADLINE_EXCEEDED
	details = "Deadline Exceeded"
	debug_error_string = "UNKNOWN:Error received from peer  {grpc_message:"Deadline Exceeded", grpc_status:4, created_time:"2025-03-23T20:13:39.551436163-04:00"}"
>
2025-03-23 20:13:39,618 [INFO] Node node1 became leader for term 149
2025-03-23 20:13:41,157 [INFO] Node node1 reverted to follower (higher term)
2025-03-23 20:13:42,884 [INFO] Node node1 became candidate for term 151
2025-03-23 20:13:43,058 [INFO] Node node1 became leader for term 151
2025-03-23 20:13:44,873 [INFO] Node node1 reverted to follower (higher term)
2025-03-23 20:13:46,519 [INFO] Node node1 became candidate for term 153
2025-03-23 20:13:46,729 [INFO] Node node1 became leader for term 153
2025-03-23 20:13:48,139 [INFO] Node node1 reverted to follower (higher term)
2025-03-23 20:13:49,265 [INFO] Node node1 became candidate for term 155
2025-03-23 20:13:49,418 [WARNING] Failed to request vote from node2: <_InactiveRpcError of RPC that terminated with:
	status = StatusCode.DEADLINE_EXCEEDED
	details = "Deadline Exceeded"
	debug_error_string = "UNKNOWN:Error received from peer  {created_time:"2025-03-23T20:13:49.418265131-04:00", grpc_status:4, grpc_message:"Deadline Exceeded"}"
>
2025-03-23 20:13:49,499 [INFO] Node node1 became leader for term 155
2025-03-23 20:13:50,747 [INFO] Node node1 reverted to follower (higher term)
2025-03-23 20:13:52,096 [INFO] Node node1 became candidate for term 157
2025-03-23 20:13:52,249 [WARNING] Failed to request vote from node2: <_InactiveRpcError of RPC that terminated with:
	status = StatusCode.DEADLINE_EXCEEDED
	details = "Deadline Exceeded"
	debug_error_string = "UNKNOWN:Error received from peer  {grpc_message:"Deadline Exceeded", grpc_status:4, created_time:"2025-03-23T20:13:52.249020514-04:00"}"
>
2025-03-23 20:13:52,321 [INFO] Node node1 became leader for term 157
2025-03-23 20:13:53,639 [INFO] Node node1 reverted to follower (higher term)
2025-03-23 20:13:55,585 [INFO] Node node1 became candidate for term 159
2025-03-23 20:13:55,788 [INFO] Node node1 became leader for term 159
2025-03-23 20:13:57,324 [INFO] Node node1 reverted to follower (higher term)
2025-03-23 20:13:59,093 [INFO] Node node1 became candidate for term 161
2025-03-23 20:13:59,271 [INFO] Node node1 became leader for term 161
2025-03-23 20:14:00,326 [INFO] Node node1 reverted to follower (higher term)
2025-03-23 20:14:01,610 [INFO] Node node1 became candidate for term 163
2025-03-23 20:14:01,803 [INFO] Node node1 became leader for term 163
2025-03-23 20:14:03,416 [INFO] Node node1 reverted to follower (higher term)
2025-03-23 20:14:04,922 [INFO] Node node1 became candidate for term 165
2025-03-23 20:14:05,075 [WARNING] Failed to request vote from node2: <_InactiveRpcError of RPC that terminated with:
	status = StatusCode.DEADLINE_EXCEEDED
	details = "Deadline Exceeded"
	debug_error_string = "UNKNOWN:Error received from peer  {grpc_message:"Deadline Exceeded", grpc_status:4, created_time:"2025-03-23T20:14:05.075425413-04:00"}"
>
2025-03-23 20:14:05,152 [INFO] Node node1 became leader for term 165
2025-03-23 20:14:06,250 [INFO] Node node1 reverted to follower (higher term)
2025-03-23 20:14:08,219 [INFO] Node node1 became candidate for term 167
2025-03-23 20:14:08,424 [INFO] Node node1 became leader for term 167
2025-03-23 20:14:09,135 [INFO] Node node1 reverted to follower (higher term)
2025-03-23 20:14:10,618 [INFO] Node node1 became candidate for term 169
2025-03-23 20:14:10,771 [WARNING] Failed to request vote from node2: <_InactiveRpcError of RPC that terminated with:
	status = StatusCode.DEADLINE_EXCEEDED
	details = "Deadline Exceeded"
	debug_error_string = "UNKNOWN:Error received from peer  {grpc_message:"Deadline Exceeded", grpc_status:4, created_time:"2025-03-23T20:14:10.771086815-04:00"}"
>
2025-03-23 20:14:10,847 [INFO] Node node1 became leader for term 169
2025-03-23 20:14:12,712 [INFO] Node node1 reverted to follower (higher term)
2025-03-23 20:14:14,397 [INFO] Node node1 became candidate for term 171
2025-03-23 20:14:14,566 [INFO] Node node1 became leader for term 171
2025-03-23 20:14:15,584 [INFO] Node node1 reverted to follower (higher term)
2025-03-23 20:14:16,774 [INFO] Node node1 became candidate for term 173
2025-03-23 20:14:16,928 [WARNING] Failed to request vote from node2: <_InactiveRpcError of RPC that terminated with:
	status = StatusCode.DEADLINE_EXCEEDED
	details = "Deadline Exceeded"
	debug_error_string = "UNKNOWN:Error received from peer  {grpc_message:"Deadline Exceeded", grpc_status:4, created_time:"2025-03-23T20:14:16.928710018-04:00"}"
>
2025-03-23 20:14:17,016 [INFO] Node node1 became leader for term 173
2025-03-23 20:14:18,121 [INFO] Node node1 reverted to follower (higher term)
2025-03-23 20:14:19,818 [INFO] Node node1 became candidate for term 175
2025-03-23 20:14:20,034 [INFO] Node node1 became leader for term 175
2025-03-23 20:14:21,283 [INFO] Node node1 reverted to follower (higher term)
2025-03-23 20:14:23,115 [INFO] Node node1 became candidate for term 177
2025-03-23 20:14:23,272 [WARNING] Failed to request vote from node2: <_InactiveRpcError of RPC that terminated with:
	status = StatusCode.DEADLINE_EXCEEDED
	details = "Deadline Exceeded"
	debug_error_string = "UNKNOWN:Error received from peer  {created_time:"2025-03-23T20:14:23.272402147-04:00", grpc_status:4, grpc_message:"Deadline Exceeded"}"
>
2025-03-23 20:14:23,346 [INFO] Node node1 became leader for term 177
2025-03-23 20:14:24,787 [INFO] Node node1 reverted to follower (higher term)
2025-03-23 20:14:26,725 [INFO] Node node1 became candidate for term 179
2025-03-23 20:14:26,961 [INFO] Node node1 became leader for term 179
2025-03-23 20:14:28,173 [INFO] Node node1 reverted to follower (higher term)
2025-03-23 20:14:30,086 [INFO] Node node1 became candidate for term 181
2025-03-23 20:14:30,289 [INFO] Node node1 became leader for term 181
2025-03-23 20:14:31,800 [INFO] Node node1 reverted to follower (higher term)
2025-03-23 20:14:33,490 [INFO] Node node1 became candidate for term 183
2025-03-23 20:14:33,707 [INFO] Node node1 became leader for term 183
2025-03-23 20:14:34,874 [INFO] Node node1 reverted to follower (higher term)
2025-03-23 20:14:36,561 [INFO] Node node1 became candidate for term 185
2025-03-23 20:14:36,714 [WARNING] Failed to request vote from node2: <_InactiveRpcError of RPC that terminated with:
	status = StatusCode.DEADLINE_EXCEEDED
	details = "Deadline Exceeded"
	debug_error_string = "UNKNOWN:Error received from peer  {created_time:"2025-03-23T20:14:36.713889312-04:00", grpc_status:4, grpc_message:"Deadline Exceeded"}"
>
2025-03-23 20:14:36,792 [INFO] Node node1 became leader for term 185
2025-03-23 20:14:38,358 [INFO] Node node1 reverted to follower (higher term)
2025-03-23 20:14:39,357 [INFO] Node node1 became candidate for term 187
2025-03-23 20:14:39,553 [INFO] Node node1 became leader for term 187
2025-03-23 20:14:41,155 [INFO] Node node1 reverted to follower (higher term)
2025-03-23 20:14:42,393 [INFO] Node node1 became candidate for term 189
2025-03-23 20:14:42,575 [INFO] Node node1 became leader for term 189
2025-03-23 20:14:43,746 [INFO] Node node1 reverted to follower (higher term)
2025-03-23 20:14:44,840 [INFO] Node node1 became candidate for term 191
2025-03-23 20:14:45,051 [INFO] Node node1 became leader for term 191
2025-03-23 20:14:46,330 [INFO] Node node1 reverted to follower (higher term)
2025-03-23 20:14:47,438 [INFO] Node node1 became candidate for term 193
2025-03-23 20:14:47,668 [INFO] Node node1 became leader for term 193
2025-03-23 20:14:49,230 [INFO] Node node1 reverted to follower (higher term)
2025-03-23 20:14:50,520 [INFO] Node node1 became candidate for term 195
2025-03-23 20:14:50,674 [WARNING] Failed to request vote from node2: <_InactiveRpcError of RPC that terminated with:
	status = StatusCode.DEADLINE_EXCEEDED
	details = "Deadline Exceeded"
	debug_error_string = "UNKNOWN:Error received from peer  {grpc_message:"Deadline Exceeded", grpc_status:4, created_time:"2025-03-23T20:14:50.673927035-04:00"}"
>
2025-03-23 20:14:50,747 [INFO] Node node1 became leader for term 195
2025-03-23 20:14:51,617 [INFO] Node node1 reverted to follower (higher term)
2025-03-23 20:14:52,911 [INFO] Node node1 became candidate for term 197
2025-03-23 20:14:53,153 [WARNING] Failed to request vote from node3: <_InactiveRpcError of RPC that terminated with:
	status = StatusCode.DEADLINE_EXCEEDED
	details = "Deadline Exceeded"
	debug_error_string = "UNKNOWN:Error received from peer  {created_time:"2025-03-23T20:14:53.152968473-04:00", grpc_status:4, grpc_message:"Deadline Exceeded"}"
>
2025-03-23 20:14:53,154 [INFO] Node node1 became leader for term 197
2025-03-23 20:14:55,016 [INFO] Node node1 reverted to follower (higher term)
2025-03-23 20:14:56,467 [INFO] Node node1 became candidate for term 199
2025-03-23 20:14:56,694 [INFO] Node node1 became leader for term 199
2025-03-23 20:14:57,863 [INFO] Node node1 reverted to follower (higher term)
2025-03-23 20:14:59,618 [INFO] Node node1 became candidate for term 201
2025-03-23 20:14:59,853 [WARNING] Failed to request vote from node3: <_InactiveRpcError of RPC that terminated with:
	status = StatusCode.DEADLINE_EXCEEDED
	details = "Deadline Exceeded"
	debug_error_string = "UNKNOWN:Error received from peer  {created_time:"2025-03-23T20:14:59.853689879-04:00", grpc_status:4, grpc_message:"Deadline Exceeded"}"
>
2025-03-23 20:14:59,855 [INFO] Node node1 became leader for term 201
2025-03-23 20:15:01,694 [INFO] Node node1 reverted to follower (higher term)
2025-03-23 20:15:03,485 [INFO] Node node1 became candidate for term 203
2025-03-23 20:15:03,639 [WARNING] Failed to request vote from node2: <_InactiveRpcError of RPC that terminated with:
	status = StatusCode.DEADLINE_EXCEEDED
	details = "Deadline Exceeded"
	debug_error_string = "UNKNOWN:Error received from peer  {grpc_message:"Deadline Exceeded", grpc_status:4, created_time:"2025-03-23T20:15:03.639541453-04:00"}"
>
2025-03-23 20:15:03,736 [INFO] Node node1 became leader for term 203
2025-03-23 20:15:05,092 [INFO] Node node1 reverted to follower (higher term)
2025-03-23 20:15:06,993 [INFO] Node node1 became candidate for term 205
2025-03-23 20:15:07,190 [INFO] Node node1 became leader for term 205
2025-03-23 20:15:08,399 [INFO] Node node1 reverted to follower (higher term)
2025-03-23 20:15:10,117 [INFO] Node node1 became candidate for term 207
2025-03-23 20:15:10,353 [INFO] Node node1 became leader for term 207
2025-03-23 20:15:11,138 [INFO] Node node1 reverted to follower (higher term)
2025-03-23 20:15:12,502 [INFO] Node node1 became candidate for term 209
2025-03-23 20:15:12,656 [WARNING] Failed to request vote from node2: <_InactiveRpcError of RPC that terminated with:
	status = StatusCode.DEADLINE_EXCEEDED
	details = "Deadline Exceeded"
	debug_error_string = "UNKNOWN:Error received from peer  {created_time:"2025-03-23T20:15:12.656260459-04:00", grpc_status:4, grpc_message:"Deadline Exceeded"}"
>
2025-03-23 20:15:12,728 [INFO] Node node1 became leader for term 209
2025-03-23 20:15:14,010 [INFO] Node node1 reverted to follower (higher term)
2025-03-23 20:15:15,211 [INFO] Node node1 became candidate for term 211
2025-03-23 20:15:15,364 [WARNING] Failed to request vote from node2: <_InactiveRpcError of RPC that terminated with:
	status = StatusCode.DEADLINE_EXCEEDED
	details = "Deadline Exceeded"
	debug_error_string = "UNKNOWN:Error received from peer  {created_time:"2025-03-23T20:15:15.363875244-04:00", grpc_status:4, grpc_message:"Deadline Exceeded"}"
>
2025-03-23 20:15:15,467 [WARNING] Failed to request vote from node3: <_InactiveRpcError of RPC that terminated with:
	status = StatusCode.DEADLINE_EXCEEDED
	details = "Deadline Exceeded"
	debug_error_string = "UNKNOWN:Error received from peer  {grpc_message:"Deadline Exceeded", grpc_status:4, created_time:"2025-03-23T20:15:15.467677014-04:00"}"
>
2025-03-23 20:15:15,621 [INFO] Node node1 became leader for term 211
2025-03-23 20:15:16,722 [INFO] Node node1 reverted to follower (higher term)
2025-03-23 20:15:17,828 [INFO] Node node1 became candidate for term 213
2025-03-23 20:15:18,008 [INFO] Node node1 became leader for term 213
2025-03-23 20:15:19,659 [INFO] Node node1 reverted to follower (higher term)
2025-03-23 20:15:20,650 [INFO] Node node1 became candidate for term 215
2025-03-23 20:15:20,895 [INFO] Node node1 became leader for term 215
2025-03-23 20:15:22,413 [INFO] Node node1 reverted to follower (higher term)
2025-03-23 20:15:23,849 [INFO] Node node1 became candidate for term 217
2025-03-23 20:15:24,042 [INFO] Node node1 became leader for term 217
2025-03-23 20:15:25,543 [INFO] Node node1 reverted to follower (higher term)
2025-03-23 20:15:27,078 [INFO] Node node1 became candidate for term 219
2025-03-23 20:15:27,268 [INFO] Node node1 became leader for term 219
2025-03-23 20:15:28,453 [INFO] Node node1 reverted to follower (higher term)
2025-03-23 20:15:29,843 [INFO] Node node1 became candidate for term 221
2025-03-23 20:15:30,043 [WARNING] Failed to request vote from node3: <_InactiveRpcError of RPC that terminated with:
	status = StatusCode.DEADLINE_EXCEEDED
	details = "Deadline Exceeded"
	debug_error_string = "UNKNOWN:Error received from peer  {grpc_message:"Deadline Exceeded", grpc_status:4, created_time:"2025-03-23T20:15:30.042967883-04:00"}"
>
2025-03-23 20:15:30,044 [INFO] Node node1 became leader for term 221
2025-03-23 20:15:31,193 [INFO] Node node1 reverted to follower (higher term)
2025-03-23 20:15:32,690 [INFO] Node node1 became candidate for term 223
2025-03-23 20:15:32,942 [WARNING] Failed to request vote from node3: <_InactiveRpcError of RPC that terminated with:
	status = StatusCode.DEADLINE_EXCEEDED
	details = "Deadline Exceeded"
	debug_error_string = "UNKNOWN:Error received from peer  {grpc_message:"Deadline Exceeded", grpc_status:4, created_time:"2025-03-23T20:15:32.942609086-04:00"}"
>
2025-03-23 20:15:32,944 [INFO] Node node1 became leader for term 223
2025-03-23 20:15:34,265 [INFO] Node node1 reverted to follower (higher term)
2025-03-23 20:15:35,721 [INFO] Node node1 became candidate for term 225
2025-03-23 20:15:35,927 [INFO] Node node1 became leader for term 225
2025-03-23 20:15:38,303 [INFO] Node node1 reverted to follower (higher term)
2025-03-23 20:15:39,857 [INFO] Node node1 became candidate for term 227
2025-03-23 20:15:40,066 [INFO] Node node1 became leader for term 227
2025-03-23 20:15:40,591 [INFO] Node node1 reverted to follower (higher term)
2025-03-23 20:15:42,077 [INFO] Node node1 became candidate for term 229
2025-03-23 20:15:42,288 [INFO] Node node1 became leader for term 229
2025-03-23 20:15:44,074 [INFO] Node node1 reverted to follower (higher term)
2025-03-23 20:15:45,169 [INFO] Node node1 became candidate for term 231
2025-03-23 20:15:45,389 [INFO] Node node1 became leader for term 231
2025-03-23 20:15:46,787 [INFO] Node node1 reverted to follower (higher term)
2025-03-23 20:15:48,516 [INFO] Node node1 became candidate for term 233
2025-03-23 20:15:48,690 [INFO] Node node1 became leader for term 233
2025-03-23 20:15:50,510 [INFO] Node node1 reverted to follower (higher term)
2025-03-23 20:15:51,800 [INFO] Node node1 became candidate for term 235
2025-03-23 20:15:52,004 [INFO] Node node1 became leader for term 235
2025-03-23 20:15:53,543 [INFO] Node node1 reverted to follower (higher term)
2025-03-23 20:15:55,127 [INFO] Node node1 became candidate for term 237
2025-03-23 20:15:55,313 [INFO] Node node1 became leader for term 237
2025-03-23 20:15:56,550 [INFO] Node node1 reverted to follower (higher term)
2025-03-23 20:15:57,630 [INFO] Node node1 became candidate for term 239
2025-03-23 20:15:57,846 [INFO] Node node1 became leader for term 239
2025-03-23 20:15:59,758 [INFO] Node node1 reverted to follower (higher term)
2025-03-23 20:16:01,118 [INFO] Node node1 became candidate for term 241
2025-03-23 20:16:01,357 [INFO] Node node1 became leader for term 241
2025-03-23 20:16:03,120 [INFO] Node node1 reverted to follower (higher term)
2025-03-23 20:16:04,317 [INFO] Node node1 became candidate for term 243
2025-03-23 20:16:04,535 [INFO] Node node1 became leader for term 243
2025-03-23 20:16:05,854 [INFO] Node node1 reverted to follower (higher term)
2025-03-23 20:16:07,056 [INFO] Node node1 became candidate for term 245
2025-03-23 20:16:07,210 [WARNING] Failed to request vote from node2: <_InactiveRpcError of RPC that terminated with:
	status = StatusCode.DEADLINE_EXCEEDED
	details = "Deadline Exceeded"
	debug_error_string = "UNKNOWN:Error received from peer  {grpc_message:"Deadline Exceeded", grpc_status:4, created_time:"2025-03-23T20:16:07.210042433-04:00"}"
>
2025-03-23 20:16:07,275 [INFO] Node node1 became leader for term 245
2025-03-23 20:16:08,364 [INFO] Node node1 reverted to follower (higher term)
2025-03-23 20:16:11,296 [INFO] Node node1 became candidate for term 247
2025-03-23 20:16:11,450 [WARNING] Failed to request vote from node2: <_InactiveRpcError of RPC that terminated with:
	status = StatusCode.DEADLINE_EXCEEDED
	details = "Deadline Exceeded"
	debug_error_string = "UNKNOWN:Error received from peer  {grpc_message:"Deadline Exceeded", grpc_status:4, created_time:"2025-03-23T20:16:11.449413202-04:00"}"
>
2025-03-23 20:16:11,547 [INFO] Node node1 became leader for term 247
2025-03-23 20:16:13,048 [INFO] Node node1 reverted to follower (higher term)
2025-03-23 20:16:14,695 [INFO] Node node1 became candidate for term 249
2025-03-23 20:16:14,902 [INFO] Node node1 became leader for term 249
2025-03-23 20:16:15,882 [INFO] Node node1 reverted to follower (higher term)
2025-03-23 20:16:17,414 [INFO] Node node1 became candidate for term 251
2025-03-23 20:16:17,580 [INFO] Node node1 became leader for term 251
2025-03-23 20:16:18,806 [INFO] Node node1 reverted to follower (higher term)
2025-03-23 20:16:20,074 [INFO] Node node1 became candidate for term 253
2025-03-23 20:16:20,314 [INFO] Node node1 became leader for term 253
2025-03-23 20:16:21,693 [INFO] Node node1 reverted to follower (higher term)
2025-03-23 20:16:22,914 [INFO] Node node1 became candidate for term 255
2025-03-23 20:16:23,068 [WARNING] Failed to request vote from node2: <_InactiveRpcError of RPC that terminated with:
	status = StatusCode.DEADLINE_EXCEEDED
	details = "Deadline Exceeded"
	debug_error_string = "UNKNOWN:Error received from peer  {grpc_message:"Deadline Exceeded", grpc_status:4, created_time:"2025-03-23T20:16:23.068546097-04:00"}"
>
2025-03-23 20:16:23,172 [WARNING] Failed to request vote from node3: <_InactiveRpcError of RPC that terminated with:
	status = StatusCode.DEADLINE_EXCEEDED
	details = "Deadline Exceeded"
	debug_error_string = "UNKNOWN:Error received from peer  {created_time:"2025-03-23T20:16:23.171738921-04:00", grpc_status:4, grpc_message:"Deadline Exceeded"}"
>
2025-03-23 20:16:23,360 [INFO] Node node1 became leader for term 255
2025-03-23 20:16:24,977 [INFO] Node node1 reverted to follower (higher term)
2025-03-23 20:16:26,213 [INFO] Node node1 became candidate for term 257
2025-03-23 20:16:26,356 [INFO] Node node1 became leader for term 257
