2025-03-23 16:57:04,132 [INFO] Database initialized at data/node2/node_node2.db
2025-03-23 16:57:04,169 [INFO] Loaded state from database: 0 users, 0 messages
2025-03-23 16:57:04,179 [INFO] Initialized Raft node node2 at 127.0.0.1:50052
2025-03-23 16:57:04,187 [INFO] Server started as node node2 listening on [::]:50052
2025-03-23 16:57:04,188 [INFO] Cluster configuration: {'node1': '127.0.0.1:50051', 'node2': '127.0.0.1:50052', 'node3': '127.0.0.1:50053', 'node4': '127.0.0.1:50054', 'node5': '127.0.0.1:50055'}
2025-03-23 16:57:04,472 [INFO] Node node2 became candidate for term 1683
2025-03-23 16:57:04,675 [WARNING] Failed to request vote from node5: <_Inacti2025-03-23 16:57:06,689 [INFO] Node node2 became candidate for term 1688
2025-03-23 16:57:07,375 [INFO] Node node2 became candidate for term 1691
2025-03-23 16:57:07,530 [WARNING] Failed to request vote from node1: <_InactiveRpcError of RPC that terminated with:
	status = StatusCode.DEADLINE_EXCEEDED
	details = "Deadline Exceeded"
	debug_error_string = "UNKNOWN:Error received from peer  {created_time:"2025-03-23T16:57:07.529368008-04:00", grpc_status:4, grpc_message:"Deadline Exceeded"}"
>
2025-03-23 16:57:07,956 [INFO] Node node2 reverted to follower (higher term)
2025-03-23 16:57:09,979 [INFO] Node node2 became candidate for term 1693
2025-03-23 16:57:10,628 [INFO] Node node2 became candidate for term 1697
2025-03-23 16:57:11,736 [INFO] Node node2 became candidate for term 1699
2025-03-23 16:57:11,839 [INFO] Node node2 reverted to follower (higher term)
2025-03-23 16:57:12,237 [INFO] Node node2 became candidate for term 1701
2025-03-23 16:57:12,561 [INFO] Node node2 reverted to follower (higher term)
2025-03-23 16:57:12,658 [INFO] Node node2 became candidate for term 1703
2025-03-23 16:57:13,255 [INFO] Node node2 reverted to follower (higher term)
2025-03-23 16:57:13,554 [INFO] Node node2 became candidate for term 1705
2025-03-23 16:57:13,763 [WARNING] Failed to request vote from node3: <_InactiveRpcError of RPC that terminated with:
	status = StatusCode.DEADLINE_EXCEEDED
	details = "Deadline Exceeded"
	debug_error_string = "UNKNOWN:Error received from peer  {created_time:"2025-03-23T16:57:13.763208183-04:00", grpc_status:4, grpc_message:"Deadline Exceeded"}"
>
2025-03-23 16:57:13,919 [WARNING] Failed to request vote from node5: <_InactiveRpcError of RPC that terminated with:
	status = StatusCode.DEADLINE_EXCEEDED
	details = "Deadline Exceeded"
	debug_error_string = "UNKNOWN:Error received from peer  {grpc_message:"Deadline Exceeded", grpc_status:4, created_time:"2025-03-23T16:57:13.918809823-04:00"}"
>
2025-03-23 16:57:13,920 [INFO] Node node2 became leader for term 1705
2025-03-23 16:57:14,483 [INFO] Node node2 reverted to follower (higher term)
2025-03-23 16:57:14,675 [INFO] Node node2 became candidate for term 1707
2025-03-23 16:57:14,811 [INFO] Node node2 reverted to follower (higher term)
2025-03-23 16:57:16,277 [INFO] Node node2 became candidate for term 1709
2025-03-23 16:57:42,919 [INFO] Node node2 became candidate for term 1712
2025-03-23 16:57:43,535 [INFO] Node node2 reverted to follower (higher term)
2025-03-23 16:57:43,639 [INFO] Node node2 became candidate for term 1714
2025-03-23 16:57:44,046 [INFO] Node node2 reverted to follower (higher term)
2025-03-23 16:57:44,141 [INFO] Node node2 became candidate for term 1716
2025-03-23 16:57:44,349 [WARNING] Failed to request vote from node3: <_InactiveRpcError of RPC that terminated with:
	status = StatusCode.DEADLINE_EXCEEDED
	details = "Deadline Exceeded"
	debug_error_string = "UNKNOWN:Error received from peer  {created_time:"2025-03-23T16:57:44.349349375-04:00", grpc_status:4, grpc_message:"Deadline Exceeded"}"
>
2025-03-23 16:57:44,604 [INFO] Node node2 became leader for term 1716
2025-03-23 16:57:45,025 [INFO] Node node2 reverted to follower (higher term)
2025-03-23 16:57:45,638 [INFO] Node node2 became candidate for term 1718
2025-03-23 16:57:45,740 [INFO] Node node2 reverted to follower (higher term)
2025-03-23 16:57:46,845 [INFO] Node node2 became candidate for term 1720
2025-03-23 16:57:46,925 [INFO] Node node2 reverted to follower (higher term)
2025-03-23 16:57:47,393 [INFO] Node node2 became candidate for term 1722
2025-03-23 16:57:50,729 [WARNING] Failed to request vote from node4: <_InactiveRpcError of RPC that terminated with:
	status = StatusCode.DEADLINE_EXCEEDED
	details = "Deadline Exceeded"
	debug_error_string = "UNKNOWN:Error received from peer  {created_time:"2025-03-23T16:57:50.728803407-04:00", grpc_status:4, grpc_message:"Deadline Exceeded"}"
>
2025-03-23 16:57:52,691 [WARNING] Failed to request vote from node4: <_InactiveRpcError of RPC that terminated with:
	status = StatusCode.DEADLINE_EXCEEDED
	details = "Deadline Exceeded"
	debug_error_string = "UNKNOWN:Error received from peer  {grpc_message:"Deadline Exceeded", grpc_status:4, created_time:"2025-03-23T16:57:52.691043182-04:00"}"
>
2025-03-23 16:57:54,641 [WARNING] Failed to request vote from node4: <_InactiveRpcError of RPC that terminated with:
	status = StatusCode.DEADLINE_EXCEEDED
	details = "Deadline Exceeded"
	debug_error_string = "UNKNOWN:Error received from peer  {created_time:"2025-03-23T16:57:54.640809868-04:00", grpc_status:4, grpc_message:"Deadline Exceeded"}"
>
2025-03-23 16:58:07,490 [WARNING] Failed to request vote from node4: <_InactiveRpcError of RPC that terminated with:
	status = StatusCode.DEADLINE_EXCEEDED
	details = "Deadline Exceeded"
	debug_error_string = "UNKNOWN:Error received from peer  {created_time:"2025-03-23T16:58:07.489803884-04:00", grpc_status:4, grpc_message:"Deadline Exceeded"}"
>
2025-03-23 16:58:11,398 [WARNING] Failed to request vote from node4: <_InactiveRpcError of RPC that terminated with:
	status = StatusCode.DEADLINE_EXCEEDED
	details = "Deadline Exceeded"
	debug_error_string = "UNKNOWN:Error received from peer  {created_time:"2025-03-23T16:58:11.397454014-04:00", grpc_status:4, grpc_message:"Deadline Exceeded"}"
>
2025-03-23 16:58:15,848 [INFO] Node node2 reverted to follower (higher term)
2025-03-23 16:58:17,829 [INFO] Node node2 became candidate for term 1727
2025-03-23 16:58:18,312 [INFO] Node node2 reverted to follower (higher term)
2025-03-23 16:58:18,770 [INFO] Node node2 became candidate for term 1729
2025-03-23 16:58:18,928 [INFO] Node node2 reverted to follower (higher term)
2025-03-23 16:58:19,819 [INFO] Node node2 became candidate for term 1731
2025-03-23 16:58:19,915 [INFO] Node node2 reverted to follower (higher term)
2025-03-23 16:58:48,746 [INFO] Node node2 became candidate for term 1733
2025-03-23 16:58:49,035 [INFO] Node node2 reverted to follower (higher term)
2025-03-23 16:58:49,329 [INFO] Node node2 became candidate for term 1735
2025-03-23 16:58:49,602 [INFO] Node node2 reverted to follower (higher term)
2025-03-23 16:58:49,914 [INFO] Node node2 became candidate for term 1737
2025-03-23 16:58:50,087 [INFO] Node node2 reverted to follower (higher term)
2025-03-23 16:58:51,589 [INFO] Node node2 became candidate for term 1741
2025-03-23 16:58:51,742 [WARNING] Failed to request vote from node1: <_InactiveRpcError of RPC that terminated with:
	status = StatusCode.DEADLINE_EXCEEDED
	details = "Deadline Exceeded"
	debug_error_string = "UNKNOWN:Error received from peer  {created_time:"2025-03-23T16:58:51.742341012-04:00", grpc_status:4, grpc_message:"Deadline Exceeded"}"
>
2025-03-23 16:58:52,038 [INFO] Node node2 became leader for term 1741
2025-03-23 16:58:55,590 [INFO] Node node2 became candidate for term 1749
2025-03-23 16:58:55,685 [INFO] Node node2 reverted to follower (higher term)
2025-03-23 16:58:56,846 [INFO] Node node2 became candidate for term 1751
2025-03-23 16:58:56,936 [INFO] Node node2 reverted to follower (higher term)
2025-03-23 16:58:57,445 [INFO] Node node2 became candidate for term 1754
2025-03-23 16:58:57,654 [INFO] Node node2 reverted to follower (higher term)
2025-03-23 16:58:57,868 [INFO] Node node2 became candidate for term 1756
2025-03-23 16:58:58,094 [WARNING] Failed to request vote from node3: <_InactiveRpcError of RPC that terminated with:
	status = StatusCode.DEADLINE_EXCEEDED
	details = "Deadline Exceeded"
	debug_error_string = "UNKNOWN:Error received from peer  {grpc_message:"Deadline Exceeded", grpc_status:4, created_time:"2025-03-23T16:58:58.09404337-04:00"}"
>
2025-03-23 16:58:58,198 [WARNING] Failed to request vote from node4: <_InactiveRpcError of RPC that terminated with:
	status = StatusCode.DEADLINE_EXCEEDED
	details = "Deadline Exceeded"
	debug_er2025-03-23 16:58:58,468 [INFO] Node node2 became candidate for term 1757
2025-03-23 16:59:54,669 [INFO] Node node2 became candidate for term 1758
2025-03-23 16:59:54,805 [INFO] Node node2 reverted to follower (higher term)
2025-03-23 17:00:27,530 [INFO] Node node2 became candidate for term 1764
2025-03-23 17:00:27,684 [WARNING] Failed to request vote from node1: <_InactiveRpcError of RPC that terminated with:
	status = StatusCode.DEADLINE_EXCEEDED
	details = "Deadline Exceeded"
	debug_error_string = "UNKNOWN:Error received from peer  {created_time:"2025-03-23T17:00:27.683916064-04:00", grpc_status:4, grpc_message:"Deadline Exceeded"}"
>
2025-03-23 17:01:00,507 [INFO] Node node2 became candidate for term 1768
2025-03-23 17:01:00,713 [INFO] Node node2 reverted to follower (higher term)
eded", grpc_status:4, created_time:"2025-03-23T16:59:55.303130052-04:00"}"
>
2025-03-23 16:59:55,351 [INFO] Node node2 reverted to follower (higher term)
2025-03-23 16:59:55,682 [INFO] Node node2 became candidate for term 1762
2025-03-23 16:59:55,838 [WARNING] Failed to request vote from node1: <_InactiveRpcError of RPC that terminated with:
	status = StatusCode.DEADLINE_EXCEEDED
	details = "Deadline Exceeded"
	debug_error_string = "UNKNOWN:Error received from peer  {grpc_message:"Deadline Exceeded", grpc_status:4, created_time:"2025-03-23T16:59:55.838144191-04:00"}"
>
2025-03-23 16:59:56,073 [INFO] Node node2 became leader for term 1762
2025-03-23 17:00:27,571 [INFO] Node node2 reverted to follower (higher term)
2025-03-23 17:00:29,621 [INFO] Node node2 became candidate for term 1767
2025-03-23 17:01:00,546 [INFO] Node node2 reverted to follower (higher term)
2025-03-23 17:01:00,671 [INFO] Node node2 became candidate for term 1769
2025-03-23 17:01:08,481 [WARNING] Failed to request vote from node1: <_InactiveRpcError of RPC that terminated with:
	status = StatusCode.DEADLINE_EXCEEDED
	details = "Deadline Exceeded"
	debug_error_string = "UNKNOWN:Error received from peer  {grpc_message:"Deadline Exceeded", grpc_status:4, created_time:"2025-03-23T17:01:08.481619199-04:00"}"
>
