2025-03-25 15:14:57,925 [INFO] Initialized connection to node node1 at localhost:50051
2025-03-25 15:14:57,927 [INFO] Initialized connection to node node2 at localhost:50052
2025-03-25 15:14:57,927 [INFO] Initialized connection to node node3 at localhost:50053
2025-03-25 15:14:57,928 [INFO] Initialized connection to node node4 at localhost:50054
2025-03-25 15:14:57,928 [INFO] Initialized connection to node node5 at localhost:50055
2025-03-25 15:14:58,048 [INFO] Found leader: node node5
2025-03-25 15:14:58,152 [INFO] Found leader: node node5
2025-03-25 15:14:58,272 [INFO] Found leader: node node5
2025-03-25 15:14:58,599 [INFO] Found leader: node node5
2025-03-25 15:14:58,696 [INFO] Found leader: node node5
2025-03-25 15:14:59,188 [INFO] Found leader: node node5
2025-03-25 15:14:59,295 [INFO] Found leader: node node5
2025-03-25 15:14:59,845 [INFO] Found leader: node node5
2025-03-25 15:14:59,936 [INFO] Found leader: node node5
2025-03-25 15:15:00,416 [INFO] Found leader: node node5
2025-03-25 15:15:00,852 [INFO] Found leader: node node5
2025-03-25 15:15:01,363 [INFO] Found leader: node node5
2025-03-25 15:15:01,857 [INFO] Found leader: node node5
2025-03-25 15:15:02,215 [INFO] Found leader: node node5
2025-03-25 15:15:02,300 [INFO] Found leader: node node5
2025-03-25 15:15:02,400 [INFO] Found leader: node node5
2025-03-25 15:15:02,404 [INFO] Initialized connection to node node1 at localhost:50051
2025-03-25 15:15:02,405 [INFO] Initialized connection to node node2 at localhost:50052
2025-03-25 15:15:02,405 [INFO] Initialized connection to node node3 at localhost:50053
2025-03-25 15:15:02,406 [INFO] Initialized connection to node node4 at localhost:50054
2025-03-25 15:15:02,406 [INFO] Initialized connection to node node5 at localhost:50055
2025-03-25 15:15:02,521 [INFO] Found leader: node node5
2025-03-25 15:15:02,620 [INFO] Found leader: node node5
2025-03-25 15:15:28,622 [INFO] Initialized connection to node node1 at localhost:50051
2025-03-25 15:15:28,624 [INFO] Initialized connection to node node2 at localhost:50052
2025-03-25 15:15:28,625 [INFO] Initialized connection to node node3 at localhost:50053
2025-03-25 15:15:28,625 [INFO] Initialized connection to node node4 at localhost:50054
2025-03-25 15:15:28,626 [INFO] Initialized connection to node node5 at localhost:50055
2025-03-25 15:15:28,682 [INFO] Found leader: node node3
2025-03-25 15:15:28,778 [INFO] Found leader: node node3
2025-03-25 15:15:28,782 [INFO] Initialized connection to node node1 at localhost:50051
2025-03-25 15:15:28,784 [INFO] Initialized connection to node node2 at localhost:50052
2025-03-25 15:15:28,785 [INFO] Initialized connection to node node3 at localhost:50053
2025-03-25 15:15:28,787 [INFO] Initialized connection to node node4 at localhost:50054
2025-03-25 15:15:28,787 [INFO] Initialized connection to node node5 at localhost:50055
2025-03-25 15:15:28,860 [INFO] Found leader: node node3
2025-03-25 15:15:28,903 [INFO] Found leader: node node3
2025-03-25 15:15:50,000 [INFO] Found leader: node node3
2025-03-25 15:15:55,299 [ERROR] Failed to send message: <_InactiveRpcError of RPC that terminated with:
	status = StatusCode.INTERNAL
	details = "Failed to send message"
	debug_error_string = "UNKNOWN:Error received from peer ipv6:%5B::1%5D:50053 {grpc_message:"Failed to send message", grpc_status:13, created_time:"2025-03-25T19:15:55.2708692+00:00"}"
>
2025-03-25 15:15:57,668 [INFO] Found leader: node node3
2025-03-25 15:16:02,990 [ERROR] Failed to send message: <_InactiveRpcError of RPC that terminated with:
	status = StatusCode.INTERNAL
	details = "Failed to send message"
	debug_error_string = "UNKNOWN:Error received from peer ipv6:%5B::1%5D:50053 {created_time:"2025-03-25T19:16:02.9548957+00:00", grpc_status:13, grpc_message:"Failed to send message"}"
>
2025-03-25 15:16:03,055 [INFO] Found leader: node node3
